<?xml version="1.0" encoding="UTF-8"?>
<coverage generated="1637509151290" clover="3.2.0">
  <project timestamp="1637509151290" name="All files">
    <metrics statements="168" coveredstatements="158" conditionals="112" coveredconditionals="102" methods="36" coveredmethods="36" elements="316" coveredelements="296" complexity="0" loc="168" ncloc="168" packages="1" files="5" classes="5"/>
    <file name="atbash-cipher.js" path="/home/raman/ciphering-cli-tool/atbash-cipher.js">
      <metrics statements="31" coveredstatements="28" conditionals="12" coveredconditionals="8" methods="5" coveredmethods="5"/>
      <line num="1" count="2" type="stmt"/>
      <line num="3" count="2" type="stmt"/>
      <line num="7" count="12" type="stmt"/>
      <line num="8" count="12" type="stmt"/>
      <line num="11" count="2" type="stmt"/>
      <line num="12" count="2" type="stmt"/>
      <line num="13" count="2" type="stmt"/>
      <line num="14" count="2" type="cond" truecount="1" falsecount="1"/>
      <line num="15" count="2" type="stmt"/>
      <line num="17" count="1" type="stmt"/>
      <line num="20" count="1" type="stmt"/>
      <line num="24" count="11" type="stmt"/>
      <line num="25" count="11" type="stmt"/>
      <line num="27" count="11" type="stmt"/>
      <line num="28" count="413" type="cond" truecount="1" falsecount="1"/>
      <line num="29" count="0" type="stmt"/>
      <line num="31" count="413" type="cond" truecount="2" falsecount="0"/>
      <line num="32" count="110" type="stmt"/>
      <line num="35" count="303" type="stmt"/>
      <line num="36" count="303" type="stmt"/>
      <line num="38" count="303" type="stmt"/>
      <line num="39" count="303" type="cond" truecount="2" falsecount="0"/>
      <line num="40" count="20" type="stmt"/>
      <line num="42" count="283" type="stmt"/>
      <line num="45" count="303" type="stmt"/>
      <line num="47" count="303" type="cond" truecount="1" falsecount="1"/>
      <line num="48" count="0" type="stmt"/>
      <line num="50" count="303" type="cond" truecount="1" falsecount="1"/>
      <line num="51" count="0" type="stmt"/>
      <line num="53" count="303" type="stmt"/>
      <line num="58" count="2" type="stmt"/>
    </file>
    <file name="caesar-cipher.js" path="/home/raman/ciphering-cli-tool/caesar-cipher.js">
      <metrics statements="35" coveredstatements="32" conditionals="14" coveredconditionals="12" methods="5" coveredmethods="5"/>
      <line num="1" count="2" type="stmt"/>
      <line num="3" count="2" type="stmt"/>
      <line num="7" count="12" type="stmt"/>
      <line num="8" count="12" type="stmt"/>
      <line num="11" count="1" type="stmt"/>
      <line num="12" count="1" type="stmt"/>
      <line num="14" count="1" type="stmt"/>
      <line num="16" count="1" type="stmt"/>
      <line num="19" count="0" type="stmt"/>
      <line num="23" count="12" type="stmt"/>
      <line num="25" count="12" type="cond" truecount="2" falsecount="0"/>
      <line num="26" count="8" type="stmt"/>
      <line num="27" count="4" type="cond" truecount="1" falsecount="1"/>
      <line num="28" count="4" type="stmt"/>
      <line num="30" count="0" type="stmt"/>
      <line num="34" count="12" type="stmt"/>
      <line num="35" count="12" type="stmt"/>
      <line num="37" count="12" type="stmt"/>
      <line num="38" count="454" type="cond" truecount="1" falsecount="1"/>
      <line num="39" count="0" type="stmt"/>
      <line num="41" count="454" type="cond" truecount="2" falsecount="0"/>
      <line num="42" count="121" type="stmt"/>
      <line num="45" count="333" type="stmt"/>
      <line num="46" count="333" type="stmt"/>
      <line num="48" count="333" type="stmt"/>
      <line num="49" count="333" type="cond" truecount="2" falsecount="0"/>
      <line num="50" count="22" type="stmt"/>
      <line num="52" count="311" type="stmt"/>
      <line num="55" count="333" type="stmt"/>
      <line num="57" count="333" type="cond" truecount="2" falsecount="0"/>
      <line num="58" count="4" type="stmt"/>
      <line num="60" count="329" type="cond" truecount="2" falsecount="0"/>
      <line num="61" count="10" type="stmt"/>
      <line num="63" count="319" type="stmt"/>
      <line num="68" count="2" type="stmt"/>
    </file>
    <file name="parsing-and-validation.js" path="/home/raman/ciphering-cli-tool/parsing-and-validation.js">
      <metrics statements="63" coveredstatements="62" conditionals="72" coveredconditionals="70" methods="20" coveredmethods="20"/>
      <line num="1" count="2" type="stmt"/>
      <line num="2" count="2" type="stmt"/>
      <line num="4" count="2" type="stmt"/>
      <line num="24" count="2" type="stmt"/>
      <line num="26" count="10" type="stmt"/>
      <line num="27" count="50" type="stmt"/>
      <line num="31" count="50" type="cond" truecount="2" falsecount="0"/>
      <line num="32" count="25" type="stmt"/>
      <line num="33" count="25" type="cond" truecount="3" falsecount="1"/>
      <line num="34" count="25" type="stmt"/>
      <line num="36" count="25" type="stmt"/>
      <line num="38" count="25" type="stmt"/>
      <line num="43" count="5" type="stmt"/>
      <line num="44" count="8" type="cond" truecount="3" falsecount="0"/>
      <line num="45" count="8" type="cond" truecount="3" falsecount="0"/>
      <line num="47" count="5" type="cond" truecount="4" falsecount="0"/>
      <line num="48" count="1" type="stmt"/>
      <line num="51" count="5" type="stmt"/>
      <line num="52" count="20" type="cond" truecount="2" falsecount="0"/>
      <line num="53" count="40" type="stmt"/>
      <line num="56" count="40" type="stmt"/>
      <line num="57" count="40" type="stmt"/>
      <line num="58" count="80" type="cond" truecount="4" falsecount="0"/>
      <line num="59" count="20" type="stmt"/>
      <line num="62" count="40" type="stmt"/>
      <line num="63" count="40" type="cond" truecount="4" falsecount="0"/>
      <line num="64" count="20" type="stmt"/>
      <line num="67" count="40" type="stmt"/>
      <line num="70" count="10" type="stmt"/>
      <line num="72" count="10" type="stmt"/>
      <line num="73" count="20" type="cond" truecount="2" falsecount="0"/>
      <line num="74" count="18" type="stmt"/>
      <line num="76" count="2" type="stmt"/>
      <line num="81" count="5" type="stmt"/>
      <line num="82" count="20" type="cond" truecount="2" falsecount="0"/>
      <line num="83" count="10" type="stmt"/>
      <line num="84" count="10" type="stmt"/>
      <line num="85" count="10" type="stmt"/>
      <line num="86" count="10" type="cond" truecount="4" falsecount="0"/>
      <line num="87" count="5" type="stmt"/>
      <line num="90" count="10" type="stmt"/>
      <line num="91" count="20" type="cond" truecount="4" falsecount="0"/>
      <line num="92" count="5" type="stmt"/>
      <line num="95" count="10" type="cond" truecount="3" falsecount="1"/>
      <line num="96" count="0" type="stmt"/>
      <line num="100" count="16" type="cond" truecount="3" falsecount="0"/>
      <line num="101" count="5" type="cond" truecount="2" falsecount="0"/>
      <line num="102" count="2" type="stmt"/>
      <line num="104" count="17" type="cond" truecount="3" falsecount="0"/>
      <line num="105" count="5" type="cond" truecount="2" falsecount="0"/>
      <line num="106" count="3" type="stmt"/>
      <line num="108" count="8" type="cond" truecount="3" falsecount="0"/>
      <line num="109" count="5" type="cond" truecount="2" falsecount="0"/>
      <line num="110" count="4" type="stmt"/>
      <line num="111" count="4" type="stmt"/>
      <line num="112" count="16" type="cond" truecount="7" falsecount="0"/>
      <line num="113" count="1" type="stmt"/>
      <line num="117" count="5" type="cond" truecount="4" falsecount="0"/>
      <line num="118" count="1" type="stmt"/>
      <line num="120" count="5" type="cond" truecount="4" falsecount="0"/>
      <line num="121" count="1" type="stmt"/>
      <line num="124" count="5" type="stmt"/>
      <line num="129" count="2" type="stmt"/>
    </file>
    <file name="rot-8-cipher.js" path="/home/raman/ciphering-cli-tool/rot-8-cipher.js">
      <metrics statements="35" coveredstatements="32" conditionals="14" coveredconditionals="12" methods="5" coveredmethods="5"/>
      <line num="1" count="2" type="stmt"/>
      <line num="3" count="2" type="stmt"/>
      <line num="7" count="14" type="stmt"/>
      <line num="8" count="14" type="stmt"/>
      <line num="11" count="1" type="stmt"/>
      <line num="12" count="1" type="stmt"/>
      <line num="14" count="1" type="stmt"/>
      <line num="16" count="1" type="stmt"/>
      <line num="19" count="0" type="stmt"/>
      <line num="23" count="14" type="stmt"/>
      <line num="25" count="14" type="cond" truecount="2" falsecount="0"/>
      <line num="26" count="5" type="stmt"/>
      <line num="27" count="9" type="cond" truecount="1" falsecount="1"/>
      <line num="28" count="9" type="stmt"/>
      <line num="30" count="0" type="stmt"/>
      <line num="34" count="14" type="stmt"/>
      <line num="35" count="14" type="stmt"/>
      <line num="37" count="14" type="stmt"/>
      <line num="38" count="536" type="cond" truecount="1" falsecount="1"/>
      <line num="39" count="0" type="stmt"/>
      <line num="41" count="536" type="cond" truecount="2" falsecount="0"/>
      <line num="42" count="143" type="stmt"/>
      <line num="45" count="393" type="stmt"/>
      <line num="46" count="393" type="stmt"/>
      <line num="48" count="393" type="stmt"/>
      <line num="49" count="393" type="cond" truecount="2" falsecount="0"/>
      <line num="50" count="26" type="stmt"/>
      <line num="52" count="367" type="stmt"/>
      <line num="55" count="393" type="stmt"/>
      <line num="57" count="393" type="cond" truecount="2" falsecount="0"/>
      <line num="58" count="53" type="stmt"/>
      <line num="60" count="340" type="cond" truecount="2" falsecount="0"/>
      <line num="61" count="82" type="stmt"/>
      <line num="63" count="258" type="stmt"/>
      <line num="68" count="2" type="stmt"/>
    </file>
    <file name="utils.js" path="/home/raman/ciphering-cli-tool/utils.js">
      <metrics statements="4" coveredstatements="4" conditionals="0" coveredconditionals="0" methods="1" coveredmethods="1"/>
      <line num="1" count="2" type="stmt"/>
      <line num="2" count="7" type="stmt"/>
      <line num="3" count="7" type="stmt"/>
      <line num="6" count="2" type="stmt"/>
    </file>
  </project>
</coverage>
