{"/home/raman/ciphering-cli-tool/atbash-cipher.js": {"path":"/home/raman/ciphering-cli-tool/atbash-cipher.js","statementMap":{"0":{"start":{"line":1,"column":22},"end":{"line":1,"column":39}},"1":{"start":{"line":3,"column":14},"end":{"line":3,"column":32}},"2":{"start":{"line":7,"column":8},"end":{"line":7,"column":16}},"3":{"start":{"line":8,"column":8},"end":{"line":8,"column":29}},"4":{"start":{"line":11,"column":8},"end":{"line":21,"column":9}},"5":{"start":{"line":12,"column":31},"end":{"line":12,"column":36}},"6":{"start":{"line":13,"column":28},"end":{"line":13,"column":50}},"7":{"start":{"line":14,"column":12},"end":{"line":16,"column":13}},"8":{"start":{"line":15,"column":16},"end":{"line":15,"column":65}},"9":{"start":{"line":17,"column":12},"end":{"line":17,"column":41}},"10":{"start":{"line":20,"column":12},"end":{"line":20,"column":31}},"11":{"start":{"line":24,"column":26},"end":{"line":24,"column":42}},"12":{"start":{"line":25,"column":27},"end":{"line":25,"column":43}},"13":{"start":{"line":27,"column":8},"end":{"line":54,"column":20}},"14":{"start":{"line":28,"column":12},"end":{"line":30,"column":13}},"15":{"start":{"line":29,"column":16},"end":{"line":29,"column":63}},"16":{"start":{"line":31,"column":12},"end":{"line":33,"column":13}},"17":{"start":{"line":32,"column":16},"end":{"line":32,"column":28}},"18":{"start":{"line":35,"column":30},"end":{"line":35,"column":48}},"19":{"start":{"line":36,"column":36},"end":{"line":36,"column":54}},"20":{"start":{"line":38,"column":37},"end":{"line":43,"column":13}},"21":{"start":{"line":39,"column":16},"end":{"line":41,"column":17}},"22":{"start":{"line":40,"column":20},"end":{"line":40,"column":51}},"23":{"start":{"line":42,"column":16},"end":{"line":42,"column":47}},"24":{"start":{"line":45,"column":36},"end":{"line":45,"column":84}},"25":{"start":{"line":47,"column":12},"end":{"line":52,"column":13}},"26":{"start":{"line":48,"column":16},"end":{"line":48,"column":113}},"27":{"start":{"line":50,"column":17},"end":{"line":52,"column":13}},"28":{"start":{"line":51,"column":16},"end":{"line":51,"column":113}},"29":{"start":{"line":53,"column":12},"end":{"line":53,"column":74}},"30":{"start":{"line":58,"column":0},"end":{"line":58,"column":30}}},"fnMap":{"0":{"name":"(anonymous_0)","decl":{"start":{"line":6,"column":4},"end":{"line":6,"column":5}},"loc":{"start":{"line":6,"column":24},"end":{"line":9,"column":5}},"line":6},"1":{"name":"(anonymous_1)","decl":{"start":{"line":10,"column":4},"end":{"line":10,"column":5}},"loc":{"start":{"line":10,"column":42},"end":{"line":22,"column":5}},"line":10},"2":{"name":"(anonymous_2)","decl":{"start":{"line":23,"column":4},"end":{"line":23,"column":5}},"loc":{"start":{"line":23,"column":15},"end":{"line":55,"column":5}},"line":23},"3":{"name":"(anonymous_3)","decl":{"start":{"line":27,"column":34},"end":{"line":27,"column":35}},"loc":{"start":{"line":27,"column":42},"end":{"line":54,"column":9}},"line":27},"4":{"name":"(anonymous_4)","decl":{"start":{"line":38,"column":37},"end":{"line":38,"column":38}},"loc":{"start":{"line":38,"column":52},"end":{"line":43,"column":13}},"line":38}},"branchMap":{"0":{"loc":{"start":{"line":14,"column":12},"end":{"line":16,"column":13}},"type":"if","locations":[{"start":{"line":14,"column":12},"end":{"line":16,"column":13}},{"start":{},"end":{}}],"line":14},"1":{"loc":{"start":{"line":28,"column":12},"end":{"line":30,"column":13}},"type":"if","locations":[{"start":{"line":28,"column":12},"end":{"line":30,"column":13}},{"start":{},"end":{}}],"line":28},"2":{"loc":{"start":{"line":31,"column":12},"end":{"line":33,"column":13}},"type":"if","locations":[{"start":{"line":31,"column":12},"end":{"line":33,"column":13}},{"start":{},"end":{}}],"line":31},"3":{"loc":{"start":{"line":39,"column":16},"end":{"line":41,"column":17}},"type":"if","locations":[{"start":{"line":39,"column":16},"end":{"line":41,"column":17}},{"start":{},"end":{}}],"line":39},"4":{"loc":{"start":{"line":47,"column":12},"end":{"line":52,"column":13}},"type":"if","locations":[{"start":{"line":47,"column":12},"end":{"line":52,"column":13}},{"start":{"line":50,"column":17},"end":{"line":52,"column":13}}],"line":47},"5":{"loc":{"start":{"line":50,"column":17},"end":{"line":52,"column":13}},"type":"if","locations":[{"start":{"line":50,"column":17},"end":{"line":52,"column":13}},{"start":{},"end":{}}],"line":50}},"s":{"0":2,"1":2,"2":12,"3":12,"4":2,"5":2,"6":2,"7":2,"8":2,"9":1,"10":1,"11":11,"12":11,"13":11,"14":413,"15":0,"16":413,"17":110,"18":303,"19":303,"20":303,"21":303,"22":20,"23":283,"24":303,"25":303,"26":0,"27":303,"28":0,"29":303,"30":2},"f":{"0":12,"1":2,"2":11,"3":413,"4":303},"b":{"0":[2,0],"1":[0,413],"2":[110,303],"3":[20,283],"4":[0,303],"5":[0,303]},"_coverageSchema":"1a1c01bbd47fc00a2c39e90264f33305004495a9","hash":"82b751157d5174a1e94ff8f5b78d519d0cfd4061"}
,"/home/raman/ciphering-cli-tool/caesar-cipher.js": {"path":"/home/raman/ciphering-cli-tool/caesar-cipher.js","statementMap":{"0":{"start":{"line":1,"column":22},"end":{"line":1,"column":39}},"1":{"start":{"line":3,"column":14},"end":{"line":3,"column":32}},"2":{"start":{"line":7,"column":8},"end":{"line":7,"column":16}},"3":{"start":{"line":8,"column":8},"end":{"line":8,"column":29}},"4":{"start":{"line":11,"column":8},"end":{"line":20,"column":9}},"5":{"start":{"line":12,"column":31},"end":{"line":12,"column":36}},"6":{"start":{"line":14,"column":12},"end":{"line":14,"column":64}},"7":{"start":{"line":16,"column":12},"end":{"line":16,"column":41}},"8":{"start":{"line":19,"column":12},"end":{"line":19,"column":31}},"9":{"start":{"line":23,"column":25},"end":{"line":23,"column":26}},"10":{"start":{"line":25,"column":8},"end":{"line":31,"column":9}},"11":{"start":{"line":26,"column":12},"end":{"line":26,"column":26}},"12":{"start":{"line":27,"column":15},"end":{"line":31,"column":9}},"13":{"start":{"line":28,"column":12},"end":{"line":28,"column":27}},"14":{"start":{"line":30,"column":12},"end":{"line":30,"column":54}},"15":{"start":{"line":34,"column":26},"end":{"line":34,"column":42}},"16":{"start":{"line":35,"column":27},"end":{"line":35,"column":43}},"17":{"start":{"line":37,"column":8},"end":{"line":64,"column":20}},"18":{"start":{"line":38,"column":12},"end":{"line":40,"column":13}},"19":{"start":{"line":39,"column":16},"end":{"line":39,"column":63}},"20":{"start":{"line":41,"column":12},"end":{"line":43,"column":13}},"21":{"start":{"line":42,"column":16},"end":{"line":42,"column":28}},"22":{"start":{"line":45,"column":30},"end":{"line":45,"column":48}},"23":{"start":{"line":46,"column":36},"end":{"line":46,"column":54}},"24":{"start":{"line":48,"column":37},"end":{"line":53,"column":13}},"25":{"start":{"line":49,"column":16},"end":{"line":51,"column":17}},"26":{"start":{"line":50,"column":20},"end":{"line":50,"column":51}},"27":{"start":{"line":52,"column":16},"end":{"line":52,"column":47}},"28":{"start":{"line":55,"column":36},"end":{"line":55,"column":83}},"29":{"start":{"line":57,"column":12},"end":{"line":62,"column":13}},"30":{"start":{"line":58,"column":16},"end":{"line":58,"column":113}},"31":{"start":{"line":60,"column":17},"end":{"line":62,"column":13}},"32":{"start":{"line":61,"column":16},"end":{"line":61,"column":113}},"33":{"start":{"line":63,"column":12},"end":{"line":63,"column":74}},"34":{"start":{"line":68,"column":0},"end":{"line":68,"column":30}}},"fnMap":{"0":{"name":"(anonymous_0)","decl":{"start":{"line":6,"column":4},"end":{"line":6,"column":5}},"loc":{"start":{"line":6,"column":24},"end":{"line":9,"column":5}},"line":6},"1":{"name":"(anonymous_1)","decl":{"start":{"line":10,"column":4},"end":{"line":10,"column":5}},"loc":{"start":{"line":10,"column":42},"end":{"line":21,"column":5}},"line":10},"2":{"name":"(anonymous_2)","decl":{"start":{"line":22,"column":4},"end":{"line":22,"column":5}},"loc":{"start":{"line":22,"column":34},"end":{"line":65,"column":5}},"line":22},"3":{"name":"(anonymous_3)","decl":{"start":{"line":37,"column":34},"end":{"line":37,"column":35}},"loc":{"start":{"line":37,"column":42},"end":{"line":64,"column":9}},"line":37},"4":{"name":"(anonymous_4)","decl":{"start":{"line":48,"column":37},"end":{"line":48,"column":38}},"loc":{"start":{"line":48,"column":52},"end":{"line":53,"column":13}},"line":48}},"branchMap":{"0":{"loc":{"start":{"line":25,"column":8},"end":{"line":31,"column":9}},"type":"if","locations":[{"start":{"line":25,"column":8},"end":{"line":31,"column":9}},{"start":{"line":27,"column":15},"end":{"line":31,"column":9}}],"line":25},"1":{"loc":{"start":{"line":27,"column":15},"end":{"line":31,"column":9}},"type":"if","locations":[{"start":{"line":27,"column":15},"end":{"line":31,"column":9}},{"start":{"line":29,"column":15},"end":{"line":31,"column":9}}],"line":27},"2":{"loc":{"start":{"line":38,"column":12},"end":{"line":40,"column":13}},"type":"if","locations":[{"start":{"line":38,"column":12},"end":{"line":40,"column":13}},{"start":{},"end":{}}],"line":38},"3":{"loc":{"start":{"line":41,"column":12},"end":{"line":43,"column":13}},"type":"if","locations":[{"start":{"line":41,"column":12},"end":{"line":43,"column":13}},{"start":{},"end":{}}],"line":41},"4":{"loc":{"start":{"line":49,"column":16},"end":{"line":51,"column":17}},"type":"if","locations":[{"start":{"line":49,"column":16},"end":{"line":51,"column":17}},{"start":{},"end":{}}],"line":49},"5":{"loc":{"start":{"line":57,"column":12},"end":{"line":62,"column":13}},"type":"if","locations":[{"start":{"line":57,"column":12},"end":{"line":62,"column":13}},{"start":{"line":60,"column":17},"end":{"line":62,"column":13}}],"line":57},"6":{"loc":{"start":{"line":60,"column":17},"end":{"line":62,"column":13}},"type":"if","locations":[{"start":{"line":60,"column":17},"end":{"line":62,"column":13}},{"start":{},"end":{}}],"line":60}},"s":{"0":2,"1":2,"2":12,"3":12,"4":1,"5":1,"6":1,"7":1,"8":0,"9":12,"10":12,"11":8,"12":4,"13":4,"14":0,"15":12,"16":12,"17":12,"18":454,"19":0,"20":454,"21":121,"22":333,"23":333,"24":333,"25":333,"26":22,"27":311,"28":333,"29":333,"30":4,"31":329,"32":10,"33":319,"34":2},"f":{"0":12,"1":1,"2":12,"3":454,"4":333},"b":{"0":[8,4],"1":[4,0],"2":[0,454],"3":[121,333],"4":[22,311],"5":[4,329],"6":[10,319]},"_coverageSchema":"1a1c01bbd47fc00a2c39e90264f33305004495a9","hash":"e598582c7a30f89225acddcdd9ff654ca182ed83"}
,"/home/raman/ciphering-cli-tool/parsing-and-validation.js": {"path":"/home/raman/ciphering-cli-tool/parsing-and-validation.js","statementMap":{"0":{"start":{"line":1,"column":14},"end":{"line":1,"column":32}},"1":{"start":{"line":2,"column":11},"end":{"line":2,"column":24}},"2":{"start":{"line":4,"column":15},"end":{"line":21,"column":1}},"3":{"start":{"line":24,"column":17},"end":{"line":126,"column":1}},"4":{"start":{"line":26,"column":8},"end":{"line":40,"column":10}},"5":{"start":{"line":27,"column":31},"end":{"line":30,"column":13}},"6":{"start":{"line":31,"column":12},"end":{"line":39,"column":13}},"7":{"start":{"line":32,"column":16},"end":{"line":32,"column":40}},"8":{"start":{"line":33,"column":16},"end":{"line":35,"column":17}},"9":{"start":{"line":34,"column":20},"end":{"line":34,"column":58}},"10":{"start":{"line":36,"column":16},"end":{"line":36,"column":34}},"11":{"start":{"line":38,"column":16},"end":{"line":38,"column":28}},"12":{"start":{"line":43,"column":8},"end":{"line":50,"column":11}},"13":{"start":{"line":44,"column":42},"end":{"line":44,"column":149}},"14":{"start":{"line":44,"column":68},"end":{"line":44,"column":148}},"15":{"start":{"line":45,"column":42},"end":{"line":45,"column":144}},"16":{"start":{"line":45,"column":63},"end":{"line":45,"column":143}},"17":{"start":{"line":47,"column":12},"end":{"line":49,"column":13}},"18":{"start":{"line":48,"column":16},"end":{"line":48,"column":82}},"19":{"start":{"line":51,"column":8},"end":{"line":80,"column":10}},"20":{"start":{"line":52,"column":12},"end":{"line":79,"column":13}},"21":{"start":{"line":53,"column":36},"end":{"line":53,"column":88}},"22":{"start":{"line":53,"column":54},"end":{"line":53,"column":65}},"23":{"start":{"line":53,"column":77},"end":{"line":53,"column":87}},"24":{"start":{"line":56,"column":33},"end":{"line":56,"column":35}},"25":{"start":{"line":57,"column":20},"end":{"line":61,"column":22}},"26":{"start":{"line":58,"column":24},"end":{"line":60,"column":25}},"27":{"start":{"line":59,"column":28},"end":{"line":59,"column":45}},"28":{"start":{"line":62,"column":20},"end":{"line":66,"column":23}},"29":{"start":{"line":63,"column":24},"end":{"line":65,"column":25}},"30":{"start":{"line":64,"column":28},"end":{"line":64,"column":45}},"31":{"start":{"line":67,"column":20},"end":{"line":67,"column":34}},"32":{"start":{"line":70,"column":35},"end":{"line":70,"column":37}},"33":{"start":{"line":72,"column":16},"end":{"line":78,"column":18}},"34":{"start":{"line":73,"column":20},"end":{"line":77,"column":21}},"35":{"start":{"line":74,"column":24},"end":{"line":74,"column":52}},"36":{"start":{"line":76,"column":24},"end":{"line":76,"column":84}},"37":{"start":{"line":81,"column":8},"end":{"line":99,"column":11}},"38":{"start":{"line":82,"column":12},"end":{"line":98,"column":13}},"39":{"start":{"line":83,"column":49},"end":{"line":83,"column":51}},"40":{"start":{"line":84,"column":52},"end":{"line":84,"column":54}},"41":{"start":{"line":85,"column":16},"end":{"line":89,"column":19}},"42":{"start":{"line":86,"column":20},"end":{"line":88,"column":21}},"43":{"start":{"line":87,"column":24},"end":{"line":87,"column":55}},"44":{"start":{"line":90,"column":16},"end":{"line":94,"column":19}},"45":{"start":{"line":91,"column":20},"end":{"line":93,"column":21}},"46":{"start":{"line":92,"column":24},"end":{"line":92,"column":58}},"47":{"start":{"line":95,"column":16},"end":{"line":97,"column":17}},"48":{"start":{"line":96,"column":20},"end":{"line":96,"column":72}},"49":{"start":{"line":100,"column":20},"end":{"line":100,"column":92}},"50":{"start":{"line":100,"column":36},"end":{"line":100,"column":91}},"51":{"start":{"line":101,"column":8},"end":{"line":103,"column":9}},"52":{"start":{"line":102,"column":12},"end":{"line":102,"column":32}},"53":{"start":{"line":104,"column":21},"end":{"line":104,"column":94}},"54":{"start":{"line":104,"column":37},"end":{"line":104,"column":93}},"55":{"start":{"line":105,"column":8},"end":{"line":107,"column":9}},"56":{"start":{"line":106,"column":12},"end":{"line":106,"column":34}},"57":{"start":{"line":108,"column":21},"end":{"line":108,"column":141}},"58":{"start":{"line":108,"column":37},"end":{"line":108,"column":140}},"59":{"start":{"line":109,"column":8},"end":{"line":116,"column":9}},"60":{"start":{"line":110,"column":12},"end":{"line":110,"column":34}},"61":{"start":{"line":111,"column":12},"end":{"line":115,"column":14}},"62":{"start":{"line":112,"column":16},"end":{"line":114,"column":17}},"63":{"start":{"line":113,"column":20},"end":{"line":113,"column":83}},"64":{"start":{"line":117,"column":8},"end":{"line":119,"column":9}},"65":{"start":{"line":118,"column":12},"end":{"line":118,"column":64}},"66":{"start":{"line":120,"column":8},"end":{"line":122,"column":9}},"67":{"start":{"line":121,"column":12},"end":{"line":121,"column":63}},"68":{"start":{"line":124,"column":8},"end":{"line":124,"column":20}},"69":{"start":{"line":129,"column":0},"end":{"line":132,"column":2}}},"fnMap":{"0":{"name":"(anonymous_0)","decl":{"start":{"line":25,"column":10},"end":{"line":25,"column":11}},"loc":{"start":{"line":25,"column":19},"end":{"line":41,"column":5}},"line":25},"1":{"name":"(anonymous_1)","decl":{"start":{"line":26,"column":34},"end":{"line":26,"column":35}},"loc":{"start":{"line":26,"column":45},"end":{"line":40,"column":9}},"line":26},"2":{"name":"(anonymous_2)","decl":{"start":{"line":42,"column":14},"end":{"line":42,"column":15}},"loc":{"start":{"line":42,"column":32},"end":{"line":125,"column":5}},"line":42},"3":{"name":"(anonymous_3)","decl":{"start":{"line":43,"column":39},"end":{"line":43,"column":40}},"loc":{"start":{"line":43,"column":49},"end":{"line":50,"column":9}},"line":43},"4":{"name":"(anonymous_4)","decl":{"start":{"line":44,"column":57},"end":{"line":44,"column":58}},"loc":{"start":{"line":44,"column":68},"end":{"line":44,"column":148}},"line":44},"5":{"name":"(anonymous_5)","decl":{"start":{"line":45,"column":52},"end":{"line":45,"column":53}},"loc":{"start":{"line":45,"column":63},"end":{"line":45,"column":143}},"line":45},"6":{"name":"(anonymous_6)","decl":{"start":{"line":51,"column":21},"end":{"line":51,"column":22}},"loc":{"start":{"line":51,"column":27},"end":{"line":80,"column":9}},"line":51},"7":{"name":"(anonymous_7)","decl":{"start":{"line":53,"column":48},"end":{"line":53,"column":49}},"loc":{"start":{"line":53,"column":54},"end":{"line":53,"column":65}},"line":53},"8":{"name":"(anonymous_8)","decl":{"start":{"line":53,"column":71},"end":{"line":53,"column":72}},"loc":{"start":{"line":53,"column":77},"end":{"line":53,"column":87}},"line":53},"9":{"name":"keyOf","decl":{"start":{"line":55,"column":25},"end":{"line":55,"column":30}},"loc":{"start":{"line":55,"column":37},"end":{"line":68,"column":17}},"line":55},"10":{"name":"(anonymous_10)","decl":{"start":{"line":57,"column":43},"end":{"line":57,"column":44}},"loc":{"start":{"line":57,"column":49},"end":{"line":61,"column":21}},"line":57},"11":{"name":"(anonymous_11)","decl":{"start":{"line":62,"column":51},"end":{"line":62,"column":52}},"loc":{"start":{"line":62,"column":57},"end":{"line":66,"column":21}},"line":62},"12":{"name":"(anonymous_12)","decl":{"start":{"line":72,"column":36},"end":{"line":72,"column":37}},"loc":{"start":{"line":72,"column":43},"end":{"line":78,"column":17}},"line":72},"13":{"name":"(anonymous_13)","decl":{"start":{"line":81,"column":21},"end":{"line":81,"column":22}},"loc":{"start":{"line":81,"column":32},"end":{"line":99,"column":9}},"line":81},"14":{"name":"(anonymous_14)","decl":{"start":{"line":85,"column":47},"end":{"line":85,"column":48}},"loc":{"start":{"line":85,"column":62},"end":{"line":89,"column":17}},"line":85},"15":{"name":"(anonymous_15)","decl":{"start":{"line":90,"column":39},"end":{"line":90,"column":40}},"loc":{"start":{"line":90,"column":54},"end":{"line":94,"column":17}},"line":90},"16":{"name":"(anonymous_16)","decl":{"start":{"line":100,"column":30},"end":{"line":100,"column":31}},"loc":{"start":{"line":100,"column":36},"end":{"line":100,"column":91}},"line":100},"17":{"name":"(anonymous_17)","decl":{"start":{"line":104,"column":31},"end":{"line":104,"column":32}},"loc":{"start":{"line":104,"column":37},"end":{"line":104,"column":93}},"line":104},"18":{"name":"(anonymous_18)","decl":{"start":{"line":108,"column":31},"end":{"line":108,"column":32}},"loc":{"start":{"line":108,"column":37},"end":{"line":108,"column":140}},"line":108},"19":{"name":"(anonymous_19)","decl":{"start":{"line":111,"column":38},"end":{"line":111,"column":39}},"loc":{"start":{"line":111,"column":44},"end":{"line":115,"column":13}},"line":111}},"branchMap":{"0":{"loc":{"start":{"line":31,"column":12},"end":{"line":39,"column":13}},"type":"if","locations":[{"start":{"line":31,"column":12},"end":{"line":39,"column":13}},{"start":{"line":37,"column":19},"end":{"line":39,"column":13}}],"line":31},"1":{"loc":{"start":{"line":33,"column":16},"end":{"line":35,"column":17}},"type":"if","locations":[{"start":{"line":33,"column":16},"end":{"line":35,"column":17}},{"start":{},"end":{}}],"line":33},"2":{"loc":{"start":{"line":33,"column":20},"end":{"line":33,"column":86}},"type":"binary-expr","locations":[{"start":{"line":33,"column":20},"end":{"line":33,"column":39}},{"start":{"line":33,"column":43},"end":{"line":33,"column":86}}],"line":33},"3":{"loc":{"start":{"line":44,"column":68},"end":{"line":44,"column":148}},"type":"binary-expr","locations":[{"start":{"line":44,"column":68},"end":{"line":44,"column":75}},{"start":{"line":44,"column":80},"end":{"line":44,"column":112}},{"start":{"line":44,"column":116},"end":{"line":44,"column":147}}],"line":44},"4":{"loc":{"start":{"line":45,"column":63},"end":{"line":45,"column":143}},"type":"binary-expr","locations":[{"start":{"line":45,"column":63},"end":{"line":45,"column":70}},{"start":{"line":45,"column":75},"end":{"line":45,"column":107}},{"start":{"line":45,"column":111},"end":{"line":45,"column":142}}],"line":45},"5":{"loc":{"start":{"line":47,"column":12},"end":{"line":49,"column":13}},"type":"if","locations":[{"start":{"line":47,"column":12},"end":{"line":49,"column":13}},{"start":{},"end":{}}],"line":47},"6":{"loc":{"start":{"line":47,"column":16},"end":{"line":47,"column":76}},"type":"binary-expr","locations":[{"start":{"line":47,"column":16},"end":{"line":47,"column":44}},{"start":{"line":47,"column":48},"end":{"line":47,"column":76}}],"line":47},"7":{"loc":{"start":{"line":52,"column":12},"end":{"line":79,"column":13}},"type":"if","locations":[{"start":{"line":52,"column":12},"end":{"line":79,"column":13}},{"start":{},"end":{}}],"line":52},"8":{"loc":{"start":{"line":58,"column":24},"end":{"line":60,"column":25}},"type":"if","locations":[{"start":{"line":58,"column":24},"end":{"line":60,"column":25}},{"start":{},"end":{}}],"line":58},"9":{"loc":{"start":{"line":58,"column":28},"end":{"line":58,"column":63}},"type":"binary-expr","locations":[{"start":{"line":58,"column":28},"end":{"line":58,"column":43}},{"start":{"line":58,"column":47},"end":{"line":58,"column":63}}],"line":58},"10":{"loc":{"start":{"line":63,"column":24},"end":{"line":65,"column":25}},"type":"if","locations":[{"start":{"line":63,"column":24},"end":{"line":65,"column":25}},{"start":{},"end":{}}],"line":63},"11":{"loc":{"start":{"line":63,"column":28},"end":{"line":63,"column":63}},"type":"binary-expr","locations":[{"start":{"line":63,"column":28},"end":{"line":63,"column":43}},{"start":{"line":63,"column":47},"end":{"line":63,"column":63}}],"line":63},"12":{"loc":{"start":{"line":73,"column":20},"end":{"line":77,"column":21}},"type":"if","locations":[{"start":{"line":73,"column":20},"end":{"line":77,"column":21}},{"start":{"line":75,"column":27},"end":{"line":77,"column":21}}],"line":73},"13":{"loc":{"start":{"line":82,"column":12},"end":{"line":98,"column":13}},"type":"if","locations":[{"start":{"line":82,"column":12},"end":{"line":98,"column":13}},{"start":{},"end":{}}],"line":82},"14":{"loc":{"start":{"line":86,"column":20},"end":{"line":88,"column":21}},"type":"if","locations":[{"start":{"line":86,"column":20},"end":{"line":88,"column":21}},{"start":{},"end":{}}],"line":86},"15":{"loc":{"start":{"line":86,"column":24},"end":{"line":86,"column":91}},"type":"binary-expr","locations":[{"start":{"line":86,"column":24},"end":{"line":86,"column":56}},{"start":{"line":86,"column":60},"end":{"line":86,"column":91}}],"line":86},"16":{"loc":{"start":{"line":91,"column":20},"end":{"line":93,"column":21}},"type":"if","locations":[{"start":{"line":91,"column":20},"end":{"line":93,"column":21}},{"start":{},"end":{}}],"line":91},"17":{"loc":{"start":{"line":91,"column":24},"end":{"line":91,"column":91}},"type":"binary-expr","locations":[{"start":{"line":91,"column":24},"end":{"line":91,"column":56}},{"start":{"line":91,"column":60},"end":{"line":91,"column":91}}],"line":91},"18":{"loc":{"start":{"line":95,"column":16},"end":{"line":97,"column":17}},"type":"if","locations":[{"start":{"line":95,"column":16},"end":{"line":97,"column":17}},{"start":{},"end":{}}],"line":95},"19":{"loc":{"start":{"line":95,"column":20},"end":{"line":95,"column":93}},"type":"binary-expr","locations":[{"start":{"line":95,"column":20},"end":{"line":95,"column":53}},{"start":{"line":95,"column":57},"end":{"line":95,"column":93}}],"line":95},"20":{"loc":{"start":{"line":100,"column":36},"end":{"line":100,"column":91}},"type":"binary-expr","locations":[{"start":{"line":100,"column":36},"end":{"line":100,"column":38}},{"start":{"line":100,"column":43},"end":{"line":100,"column":62}},{"start":{"line":100,"column":66},"end":{"line":100,"column":90}}],"line":100},"21":{"loc":{"start":{"line":101,"column":8},"end":{"line":103,"column":9}},"type":"if","locations":[{"start":{"line":101,"column":8},"end":{"line":103,"column":9}},{"start":{},"end":{}}],"line":101},"22":{"loc":{"start":{"line":104,"column":37},"end":{"line":104,"column":93}},"type":"binary-expr","locations":[{"start":{"line":104,"column":37},"end":{"line":104,"column":39}},{"start":{"line":104,"column":44},"end":{"line":104,"column":63}},{"start":{"line":104,"column":67},"end":{"line":104,"column":92}}],"line":104},"23":{"loc":{"start":{"line":105,"column":8},"end":{"line":107,"column":9}},"type":"if","locations":[{"start":{"line":105,"column":8},"end":{"line":107,"column":9}},{"start":{},"end":{}}],"line":105},"24":{"loc":{"start":{"line":108,"column":37},"end":{"line":108,"column":140}},"type":"binary-expr","locations":[{"start":{"line":108,"column":37},"end":{"line":108,"column":39}},{"start":{"line":108,"column":44},"end":{"line":108,"column":90}},{"start":{"line":108,"column":94},"end":{"line":108,"column":139}}],"line":108},"25":{"loc":{"start":{"line":109,"column":8},"end":{"line":116,"column":9}},"type":"if","locations":[{"start":{"line":109,"column":8},"end":{"line":116,"column":9}},{"start":{},"end":{}}],"line":109},"26":{"loc":{"start":{"line":112,"column":16},"end":{"line":114,"column":17}},"type":"if","locations":[{"start":{"line":112,"column":16},"end":{"line":114,"column":17}},{"start":{},"end":{}}],"line":112},"27":{"loc":{"start":{"line":112,"column":20},"end":{"line":112,"column":90}},"type":"binary-expr","locations":[{"start":{"line":112,"column":20},"end":{"line":112,"column":31}},{"start":{"line":112,"column":35},"end":{"line":112,"column":46}},{"start":{"line":112,"column":50},"end":{"line":112,"column":61}},{"start":{"line":112,"column":65},"end":{"line":112,"column":76}},{"start":{"line":112,"column":80},"end":{"line":112,"column":90}}],"line":112},"28":{"loc":{"start":{"line":117,"column":8},"end":{"line":119,"column":9}},"type":"if","locations":[{"start":{"line":117,"column":8},"end":{"line":119,"column":9}},{"start":{},"end":{}}],"line":117},"29":{"loc":{"start":{"line":117,"column":12},"end":{"line":117,"column":44}},"type":"binary-expr","locations":[{"start":{"line":117,"column":12},"end":{"line":117,"column":18}},{"start":{"line":117,"column":22},"end":{"line":117,"column":44}}],"line":117},"30":{"loc":{"start":{"line":120,"column":8},"end":{"line":122,"column":9}},"type":"if","locations":[{"start":{"line":120,"column":8},"end":{"line":122,"column":9}},{"start":{},"end":{}}],"line":120},"31":{"loc":{"start":{"line":120,"column":12},"end":{"line":120,"column":42}},"type":"binary-expr","locations":[{"start":{"line":120,"column":12},"end":{"line":120,"column":17}},{"start":{"line":120,"column":21},"end":{"line":120,"column":42}}],"line":120}},"s":{"0":2,"1":2,"2":2,"3":2,"4":10,"5":50,"6":50,"7":25,"8":25,"9":25,"10":25,"11":25,"12":5,"13":5,"14":8,"15":5,"16":8,"17":5,"18":1,"19":5,"20":20,"21":10,"22":40,"23":20,"24":40,"25":40,"26":80,"27":20,"28":40,"29":40,"30":20,"31":40,"32":10,"33":10,"34":20,"35":18,"36":2,"37":5,"38":20,"39":10,"40":10,"41":10,"42":10,"43":5,"44":10,"45":20,"46":5,"47":10,"48":0,"49":5,"50":16,"51":5,"52":2,"53":5,"54":17,"55":5,"56":3,"57":5,"58":8,"59":5,"60":4,"61":4,"62":16,"63":1,"64":5,"65":1,"66":5,"67":1,"68":5,"69":2},"f":{"0":10,"1":50,"2":5,"3":5,"4":8,"5":8,"6":20,"7":40,"8":20,"9":40,"10":80,"11":40,"12":20,"13":20,"14":10,"15":20,"16":16,"17":17,"18":8,"19":16},"b":{"0":[25,25],"1":[25,0],"2":[25,25],"3":[8,6,2],"4":[8,6,2],"5":[1,4],"6":[5,4],"7":[10,10],"8":[20,60],"9":[80,80],"10":[20,20],"11":[40,40],"12":[18,2],"13":[10,10],"14":[5,5],"15":[10,5],"16":[5,15],"17":[20,15],"18":[0,10],"19":[10,5],"20":[16,9,7],"21":[2,3],"22":[17,10,7],"23":[3,2],"24":[8,6,2],"25":[4,1],"26":[1,15],"27":[16,16,8,5,5],"28":[1,4],"29":[5,3],"30":[1,4],"31":[5,2]},"_coverageSchema":"1a1c01bbd47fc00a2c39e90264f33305004495a9","hash":"d99633c1c79746e3b995359d3d3638cf44fb953a"}
,"/home/raman/ciphering-cli-tool/rot-8-cipher.js": {"path":"/home/raman/ciphering-cli-tool/rot-8-cipher.js","statementMap":{"0":{"start":{"line":1,"column":22},"end":{"line":1,"column":39}},"1":{"start":{"line":3,"column":14},"end":{"line":3,"column":32}},"2":{"start":{"line":7,"column":8},"end":{"line":7,"column":16}},"3":{"start":{"line":8,"column":8},"end":{"line":8,"column":29}},"4":{"start":{"line":11,"column":8},"end":{"line":20,"column":9}},"5":{"start":{"line":12,"column":31},"end":{"line":12,"column":36}},"6":{"start":{"line":14,"column":12},"end":{"line":14,"column":64}},"7":{"start":{"line":16,"column":12},"end":{"line":16,"column":41}},"8":{"start":{"line":19,"column":12},"end":{"line":19,"column":31}},"9":{"start":{"line":23,"column":25},"end":{"line":23,"column":26}},"10":{"start":{"line":25,"column":8},"end":{"line":31,"column":9}},"11":{"start":{"line":26,"column":12},"end":{"line":26,"column":26}},"12":{"start":{"line":27,"column":15},"end":{"line":31,"column":9}},"13":{"start":{"line":28,"column":12},"end":{"line":28,"column":27}},"14":{"start":{"line":30,"column":12},"end":{"line":30,"column":53}},"15":{"start":{"line":34,"column":26},"end":{"line":34,"column":42}},"16":{"start":{"line":35,"column":27},"end":{"line":35,"column":43}},"17":{"start":{"line":37,"column":8},"end":{"line":64,"column":20}},"18":{"start":{"line":38,"column":12},"end":{"line":40,"column":13}},"19":{"start":{"line":39,"column":16},"end":{"line":39,"column":63}},"20":{"start":{"line":41,"column":12},"end":{"line":43,"column":13}},"21":{"start":{"line":42,"column":16},"end":{"line":42,"column":28}},"22":{"start":{"line":45,"column":30},"end":{"line":45,"column":48}},"23":{"start":{"line":46,"column":36},"end":{"line":46,"column":54}},"24":{"start":{"line":48,"column":37},"end":{"line":53,"column":13}},"25":{"start":{"line":49,"column":16},"end":{"line":51,"column":17}},"26":{"start":{"line":50,"column":20},"end":{"line":50,"column":51}},"27":{"start":{"line":52,"column":16},"end":{"line":52,"column":47}},"28":{"start":{"line":55,"column":36},"end":{"line":55,"column":83}},"29":{"start":{"line":57,"column":12},"end":{"line":62,"column":13}},"30":{"start":{"line":58,"column":16},"end":{"line":58,"column":113}},"31":{"start":{"line":60,"column":17},"end":{"line":62,"column":13}},"32":{"start":{"line":61,"column":16},"end":{"line":61,"column":113}},"33":{"start":{"line":63,"column":12},"end":{"line":63,"column":74}},"34":{"start":{"line":68,"column":0},"end":{"line":68,"column":28}}},"fnMap":{"0":{"name":"(anonymous_0)","decl":{"start":{"line":6,"column":4},"end":{"line":6,"column":5}},"loc":{"start":{"line":6,"column":24},"end":{"line":9,"column":5}},"line":6},"1":{"name":"(anonymous_1)","decl":{"start":{"line":10,"column":4},"end":{"line":10,"column":5}},"loc":{"start":{"line":10,"column":42},"end":{"line":21,"column":5}},"line":10},"2":{"name":"(anonymous_2)","decl":{"start":{"line":22,"column":4},"end":{"line":22,"column":5}},"loc":{"start":{"line":22,"column":34},"end":{"line":65,"column":5}},"line":22},"3":{"name":"(anonymous_3)","decl":{"start":{"line":37,"column":34},"end":{"line":37,"column":35}},"loc":{"start":{"line":37,"column":42},"end":{"line":64,"column":9}},"line":37},"4":{"name":"(anonymous_4)","decl":{"start":{"line":48,"column":37},"end":{"line":48,"column":38}},"loc":{"start":{"line":48,"column":52},"end":{"line":53,"column":13}},"line":48}},"branchMap":{"0":{"loc":{"start":{"line":25,"column":8},"end":{"line":31,"column":9}},"type":"if","locations":[{"start":{"line":25,"column":8},"end":{"line":31,"column":9}},{"start":{"line":27,"column":15},"end":{"line":31,"column":9}}],"line":25},"1":{"loc":{"start":{"line":27,"column":15},"end":{"line":31,"column":9}},"type":"if","locations":[{"start":{"line":27,"column":15},"end":{"line":31,"column":9}},{"start":{"line":29,"column":15},"end":{"line":31,"column":9}}],"line":27},"2":{"loc":{"start":{"line":38,"column":12},"end":{"line":40,"column":13}},"type":"if","locations":[{"start":{"line":38,"column":12},"end":{"line":40,"column":13}},{"start":{},"end":{}}],"line":38},"3":{"loc":{"start":{"line":41,"column":12},"end":{"line":43,"column":13}},"type":"if","locations":[{"start":{"line":41,"column":12},"end":{"line":43,"column":13}},{"start":{},"end":{}}],"line":41},"4":{"loc":{"start":{"line":49,"column":16},"end":{"line":51,"column":17}},"type":"if","locations":[{"start":{"line":49,"column":16},"end":{"line":51,"column":17}},{"start":{},"end":{}}],"line":49},"5":{"loc":{"start":{"line":57,"column":12},"end":{"line":62,"column":13}},"type":"if","locations":[{"start":{"line":57,"column":12},"end":{"line":62,"column":13}},{"start":{"line":60,"column":17},"end":{"line":62,"column":13}}],"line":57},"6":{"loc":{"start":{"line":60,"column":17},"end":{"line":62,"column":13}},"type":"if","locations":[{"start":{"line":60,"column":17},"end":{"line":62,"column":13}},{"start":{},"end":{}}],"line":60}},"s":{"0":2,"1":2,"2":14,"3":14,"4":1,"5":1,"6":1,"7":1,"8":0,"9":14,"10":14,"11":5,"12":9,"13":9,"14":0,"15":14,"16":14,"17":14,"18":536,"19":0,"20":536,"21":143,"22":393,"23":393,"24":393,"25":393,"26":26,"27":367,"28":393,"29":393,"30":53,"31":340,"32":82,"33":258,"34":2},"f":{"0":14,"1":1,"2":14,"3":536,"4":393},"b":{"0":[5,9],"1":[9,0],"2":[0,536],"3":[143,393],"4":[26,367],"5":[53,340],"6":[82,258]},"_coverageSchema":"1a1c01bbd47fc00a2c39e90264f33305004495a9","hash":"f425fd7f984fd9ab77f703d8b492c32ea4ecfe26"}
,"/home/raman/ciphering-cli-tool/utils.js": {"path":"/home/raman/ciphering-cli-tool/utils.js","statementMap":{"0":{"start":{"line":1,"column":14},"end":{"line":4,"column":1}},"1":{"start":{"line":2,"column":4},"end":{"line":2,"column":46}},"2":{"start":{"line":3,"column":4},"end":{"line":3,"column":20}},"3":{"start":{"line":6,"column":0},"end":{"line":6,"column":23}}},"fnMap":{"0":{"name":"(anonymous_0)","decl":{"start":{"line":1,"column":14},"end":{"line":1,"column":15}},"loc":{"start":{"line":1,"column":25},"end":{"line":4,"column":1}},"line":1}},"branchMap":{},"s":{"0":2,"1":7,"2":7,"3":2},"f":{"0":7},"b":{},"_coverageSchema":"1a1c01bbd47fc00a2c39e90264f33305004495a9","hash":"492d877927e9a016645be7947abc93b9c50460d1"}
}
