{"/home/raman/ciphering-cli-tool/atbash-cipher.js": {"path":"/home/raman/ciphering-cli-tool/atbash-cipher.js","statementMap":{"0":{"start":{"line":1,"column":22},"end":{"line":1,"column":39}},"1":{"start":{"line":3,"column":14},"end":{"line":3,"column":32}},"2":{"start":{"line":7,"column":8},"end":{"line":7,"column":16}},"3":{"start":{"line":8,"column":8},"end":{"line":8,"column":29}},"4":{"start":{"line":11,"column":8},"end":{"line":21,"column":9}},"5":{"start":{"line":12,"column":31},"end":{"line":12,"column":36}},"6":{"start":{"line":13,"column":28},"end":{"line":13,"column":50}},"7":{"start":{"line":14,"column":12},"end":{"line":16,"column":13}},"8":{"start":{"line":15,"column":16},"end":{"line":15,"column":65}},"9":{"start":{"line":17,"column":12},"end":{"line":17,"column":41}},"10":{"start":{"line":20,"column":12},"end":{"line":20,"column":31}},"11":{"start":{"line":24,"column":26},"end":{"line":24,"column":42}},"12":{"start":{"line":25,"column":27},"end":{"line":25,"column":43}},"13":{"start":{"line":27,"column":8},"end":{"line":54,"column":20}},"14":{"start":{"line":28,"column":12},"end":{"line":30,"column":13}},"15":{"start":{"line":29,"column":16},"end":{"line":29,"column":63}},"16":{"start":{"line":31,"column":12},"end":{"line":33,"column":13}},"17":{"start":{"line":32,"column":16},"end":{"line":32,"column":28}},"18":{"start":{"line":35,"column":30},"end":{"line":35,"column":48}},"19":{"start":{"line":36,"column":36},"end":{"line":36,"column":54}},"20":{"start":{"line":38,"column":37},"end":{"line":43,"column":13}},"21":{"start":{"line":39,"column":16},"end":{"line":41,"column":17}},"22":{"start":{"line":40,"column":20},"end":{"line":40,"column":51}},"23":{"start":{"line":42,"column":16},"end":{"line":42,"column":47}},"24":{"start":{"line":45,"column":36},"end":{"line":45,"column":84}},"25":{"start":{"line":47,"column":12},"end":{"line":52,"column":13}},"26":{"start":{"line":48,"column":16},"end":{"line":48,"column":113}},"27":{"start":{"line":50,"column":17},"end":{"line":52,"column":13}},"28":{"start":{"line":51,"column":16},"end":{"line":51,"column":113}},"29":{"start":{"line":53,"column":12},"end":{"line":53,"column":74}},"30":{"start":{"line":58,"column":0},"end":{"line":58,"column":30}}},"fnMap":{"0":{"name":"(anonymous_0)","decl":{"start":{"line":6,"column":4},"end":{"line":6,"column":5}},"loc":{"start":{"line":6,"column":24},"end":{"line":9,"column":5}},"line":6},"1":{"name":"(anonymous_1)","decl":{"start":{"line":10,"column":4},"end":{"line":10,"column":5}},"loc":{"start":{"line":10,"column":42},"end":{"line":22,"column":5}},"line":10},"2":{"name":"(anonymous_2)","decl":{"start":{"line":23,"column":4},"end":{"line":23,"column":5}},"loc":{"start":{"line":23,"column":15},"end":{"line":55,"column":5}},"line":23},"3":{"name":"(anonymous_3)","decl":{"start":{"line":27,"column":34},"end":{"line":27,"column":35}},"loc":{"start":{"line":27,"column":42},"end":{"line":54,"column":9}},"line":27},"4":{"name":"(anonymous_4)","decl":{"start":{"line":38,"column":37},"end":{"line":38,"column":38}},"loc":{"start":{"line":38,"column":52},"end":{"line":43,"column":13}},"line":38}},"branchMap":{"0":{"loc":{"start":{"line":14,"column":12},"end":{"line":16,"column":13}},"type":"if","locations":[{"start":{"line":14,"column":12},"end":{"line":16,"column":13}},{"start":{},"end":{}}],"line":14},"1":{"loc":{"start":{"line":28,"column":12},"end":{"line":30,"column":13}},"type":"if","locations":[{"start":{"line":28,"column":12},"end":{"line":30,"column":13}},{"start":{},"end":{}}],"line":28},"2":{"loc":{"start":{"line":31,"column":12},"end":{"line":33,"column":13}},"type":"if","locations":[{"start":{"line":31,"column":12},"end":{"line":33,"column":13}},{"start":{},"end":{}}],"line":31},"3":{"loc":{"start":{"line":39,"column":16},"end":{"line":41,"column":17}},"type":"if","locations":[{"start":{"line":39,"column":16},"end":{"line":41,"column":17}},{"start":{},"end":{}}],"line":39},"4":{"loc":{"start":{"line":47,"column":12},"end":{"line":52,"column":13}},"type":"if","locations":[{"start":{"line":47,"column":12},"end":{"line":52,"column":13}},{"start":{"line":50,"column":17},"end":{"line":52,"column":13}}],"line":47},"5":{"loc":{"start":{"line":50,"column":17},"end":{"line":52,"column":13}},"type":"if","locations":[{"start":{"line":50,"column":17},"end":{"line":52,"column":13}},{"start":{},"end":{}}],"line":50}},"s":{"0":1,"1":1,"2":0,"3":0,"4":0,"5":0,"6":0,"7":0,"8":0,"9":0,"10":0,"11":0,"12":0,"13":0,"14":0,"15":0,"16":0,"17":0,"18":0,"19":0,"20":0,"21":0,"22":0,"23":0,"24":0,"25":0,"26":0,"27":0,"28":0,"29":0,"30":1},"f":{"0":0,"1":0,"2":0,"3":0,"4":0},"b":{"0":[0,0],"1":[0,0],"2":[0,0],"3":[0,0],"4":[0,0],"5":[0,0]},"_coverageSchema":"1a1c01bbd47fc00a2c39e90264f33305004495a9","hash":"82b751157d5174a1e94ff8f5b78d519d0cfd4061"}
,"/home/raman/ciphering-cli-tool/utils.js": {"path":"/home/raman/ciphering-cli-tool/utils.js","statementMap":{"0":{"start":{"line":1,"column":14},"end":{"line":4,"column":1}},"1":{"start":{"line":2,"column":4},"end":{"line":2,"column":39}},"2":{"start":{"line":3,"column":4},"end":{"line":3,"column":20}},"3":{"start":{"line":6,"column":0},"end":{"line":6,"column":23}}},"fnMap":{"0":{"name":"(anonymous_0)","decl":{"start":{"line":1,"column":14},"end":{"line":1,"column":15}},"loc":{"start":{"line":1,"column":25},"end":{"line":4,"column":1}},"line":1}},"branchMap":{},"s":{"0":1,"1":0,"2":0,"3":1},"f":{"0":0},"b":{},"_coverageSchema":"1a1c01bbd47fc00a2c39e90264f33305004495a9","hash":"2dd3a0ebf155078366349be15b37edb64ccffb0b"}
}
