TN:
SF:atbash-cipher.js
FN:6,(anonymous_0)
FN:10,(anonymous_1)
FN:23,(anonymous_2)
FN:27,(anonymous_3)
FN:38,(anonymous_4)
FNF:5
FNH:5
FNDA:12,(anonymous_0)
FNDA:2,(anonymous_1)
FNDA:11,(anonymous_2)
FNDA:413,(anonymous_3)
FNDA:303,(anonymous_4)
DA:1,2
DA:3,2
DA:7,12
DA:8,12
DA:11,2
DA:12,2
DA:13,2
DA:14,2
DA:15,2
DA:17,1
DA:20,1
DA:24,11
DA:25,11
DA:27,11
DA:28,413
DA:29,0
DA:31,413
DA:32,110
DA:35,303
DA:36,303
DA:38,303
DA:39,303
DA:40,20
DA:42,283
DA:45,303
DA:47,303
DA:48,0
DA:50,303
DA:51,0
DA:53,303
DA:58,2
LF:31
LH:28
BRDA:14,0,0,2
BRDA:14,0,1,0
BRDA:28,1,0,0
BRDA:28,1,1,413
BRDA:31,2,0,110
BRDA:31,2,1,303
BRDA:39,3,0,20
BRDA:39,3,1,283
BRDA:47,4,0,0
BRDA:47,4,1,303
BRDA:50,5,0,0
BRDA:50,5,1,303
BRF:12
BRH:8
end_of_record
TN:
SF:caesar-cipher.js
FN:6,(anonymous_0)
FN:10,(anonymous_1)
FN:22,(anonymous_2)
FN:37,(anonymous_3)
FN:48,(anonymous_4)
FNF:5
FNH:5
FNDA:12,(anonymous_0)
FNDA:1,(anonymous_1)
FNDA:12,(anonymous_2)
FNDA:454,(anonymous_3)
FNDA:333,(anonymous_4)
DA:1,2
DA:3,2
DA:7,12
DA:8,12
DA:11,1
DA:12,1
DA:14,1
DA:16,1
DA:19,0
DA:23,12
DA:25,12
DA:26,8
DA:27,4
DA:28,4
DA:30,0
DA:34,12
DA:35,12
DA:37,12
DA:38,454
DA:39,0
DA:41,454
DA:42,121
DA:45,333
DA:46,333
DA:48,333
DA:49,333
DA:50,22
DA:52,311
DA:55,333
DA:57,333
DA:58,4
DA:60,329
DA:61,10
DA:63,319
DA:68,2
LF:35
LH:32
BRDA:25,0,0,8
BRDA:25,0,1,4
BRDA:27,1,0,4
BRDA:27,1,1,0
BRDA:38,2,0,0
BRDA:38,2,1,454
BRDA:41,3,0,121
BRDA:41,3,1,333
BRDA:49,4,0,22
BRDA:49,4,1,311
BRDA:57,5,0,4
BRDA:57,5,1,329
BRDA:60,6,0,10
BRDA:60,6,1,319
BRF:14
BRH:12
end_of_record
TN:
SF:parsing-and-validation.js
FN:25,(anonymous_0)
FN:26,(anonymous_1)
FN:42,(anonymous_2)
FN:43,(anonymous_3)
FN:44,(anonymous_4)
FN:45,(anonymous_5)
FN:51,(anonymous_6)
FN:53,(anonymous_7)
FN:53,(anonymous_8)
FN:55,keyOf
FN:57,(anonymous_10)
FN:62,(anonymous_11)
FN:72,(anonymous_12)
FN:81,(anonymous_13)
FN:85,(anonymous_14)
FN:90,(anonymous_15)
FN:100,(anonymous_16)
FN:104,(anonymous_17)
FN:108,(anonymous_18)
FN:111,(anonymous_19)
FNF:20
FNH:20
FNDA:10,(anonymous_0)
FNDA:50,(anonymous_1)
FNDA:5,(anonymous_2)
FNDA:5,(anonymous_3)
FNDA:8,(anonymous_4)
FNDA:8,(anonymous_5)
FNDA:20,(anonymous_6)
FNDA:40,(anonymous_7)
FNDA:20,(anonymous_8)
FNDA:40,keyOf
FNDA:80,(anonymous_10)
FNDA:40,(anonymous_11)
FNDA:20,(anonymous_12)
FNDA:20,(anonymous_13)
FNDA:10,(anonymous_14)
FNDA:20,(anonymous_15)
FNDA:16,(anonymous_16)
FNDA:17,(anonymous_17)
FNDA:8,(anonymous_18)
FNDA:16,(anonymous_19)
DA:1,2
DA:2,2
DA:4,2
DA:24,2
DA:26,10
DA:27,50
DA:31,50
DA:32,25
DA:33,25
DA:34,25
DA:36,25
DA:38,25
DA:43,5
DA:44,8
DA:45,8
DA:47,5
DA:48,1
DA:51,5
DA:52,20
DA:53,40
DA:56,40
DA:57,40
DA:58,80
DA:59,20
DA:62,40
DA:63,40
DA:64,20
DA:67,40
DA:70,10
DA:72,10
DA:73,20
DA:74,18
DA:76,2
DA:81,5
DA:82,20
DA:83,10
DA:84,10
DA:85,10
DA:86,10
DA:87,5
DA:90,10
DA:91,20
DA:92,5
DA:95,10
DA:96,0
DA:100,16
DA:101,5
DA:102,2
DA:104,17
DA:105,5
DA:106,3
DA:108,8
DA:109,5
DA:110,4
DA:111,4
DA:112,16
DA:113,1
DA:117,5
DA:118,1
DA:120,5
DA:121,1
DA:124,5
DA:129,2
LF:63
LH:62
BRDA:31,0,0,25
BRDA:31,0,1,25
BRDA:33,1,0,25
BRDA:33,1,1,0
BRDA:33,2,0,25
BRDA:33,2,1,25
BRDA:44,3,0,8
BRDA:44,3,1,6
BRDA:44,3,2,2
BRDA:45,4,0,8
BRDA:45,4,1,6
BRDA:45,4,2,2
BRDA:47,5,0,1
BRDA:47,5,1,4
BRDA:47,6,0,5
BRDA:47,6,1,4
BRDA:52,7,0,10
BRDA:52,7,1,10
BRDA:58,8,0,20
BRDA:58,8,1,60
BRDA:58,9,0,80
BRDA:58,9,1,80
BRDA:63,10,0,20
BRDA:63,10,1,20
BRDA:63,11,0,40
BRDA:63,11,1,40
BRDA:73,12,0,18
BRDA:73,12,1,2
BRDA:82,13,0,10
BRDA:82,13,1,10
BRDA:86,14,0,5
BRDA:86,14,1,5
BRDA:86,15,0,10
BRDA:86,15,1,5
BRDA:91,16,0,5
BRDA:91,16,1,15
BRDA:91,17,0,20
BRDA:91,17,1,15
BRDA:95,18,0,0
BRDA:95,18,1,10
BRDA:95,19,0,10
BRDA:95,19,1,5
BRDA:100,20,0,16
BRDA:100,20,1,9
BRDA:100,20,2,7
BRDA:101,21,0,2
BRDA:101,21,1,3
BRDA:104,22,0,17
BRDA:104,22,1,10
BRDA:104,22,2,7
BRDA:105,23,0,3
BRDA:105,23,1,2
BRDA:108,24,0,8
BRDA:108,24,1,6
BRDA:108,24,2,2
BRDA:109,25,0,4
BRDA:109,25,1,1
BRDA:112,26,0,1
BRDA:112,26,1,15
BRDA:112,27,0,16
BRDA:112,27,1,16
BRDA:112,27,2,8
BRDA:112,27,3,5
BRDA:112,27,4,5
BRDA:117,28,0,1
BRDA:117,28,1,4
BRDA:117,29,0,5
BRDA:117,29,1,3
BRDA:120,30,0,1
BRDA:120,30,1,4
BRDA:120,31,0,5
BRDA:120,31,1,2
BRF:72
BRH:70
end_of_record
TN:
SF:rot-8-cipher.js
FN:6,(anonymous_0)
FN:10,(anonymous_1)
FN:22,(anonymous_2)
FN:37,(anonymous_3)
FN:48,(anonymous_4)
FNF:5
FNH:5
FNDA:14,(anonymous_0)
FNDA:1,(anonymous_1)
FNDA:14,(anonymous_2)
FNDA:536,(anonymous_3)
FNDA:393,(anonymous_4)
DA:1,2
DA:3,2
DA:7,14
DA:8,14
DA:11,1
DA:12,1
DA:14,1
DA:16,1
DA:19,0
DA:23,14
DA:25,14
DA:26,5
DA:27,9
DA:28,9
DA:30,0
DA:34,14
DA:35,14
DA:37,14
DA:38,536
DA:39,0
DA:41,536
DA:42,143
DA:45,393
DA:46,393
DA:48,393
DA:49,393
DA:50,26
DA:52,367
DA:55,393
DA:57,393
DA:58,53
DA:60,340
DA:61,82
DA:63,258
DA:68,2
LF:35
LH:32
BRDA:25,0,0,5
BRDA:25,0,1,9
BRDA:27,1,0,9
BRDA:27,1,1,0
BRDA:38,2,0,0
BRDA:38,2,1,536
BRDA:41,3,0,143
BRDA:41,3,1,393
BRDA:49,4,0,26
BRDA:49,4,1,367
BRDA:57,5,0,53
BRDA:57,5,1,340
BRDA:60,6,0,82
BRDA:60,6,1,258
BRF:14
BRH:12
end_of_record
TN:
SF:utils.js
FN:1,(anonymous_0)
FNF:1
FNH:1
FNDA:7,(anonymous_0)
DA:1,2
DA:2,7
DA:3,7
DA:6,2
LF:4
LH:4
BRF:0
BRH:0
end_of_record
